\BOOKMARK [0][-]{chapter.1}{Proleg[Please insert \134PrerenderUnicode\173รณ\175 into preamble]meno}{}% 1
\BOOKMARK [1][-]{section.1.1}{Introducci\363n}{chapter.1}% 2
\BOOKMARK [2][-]{subsection.1.1.1}{Motivaci\363n}{section.1.1}% 3
\BOOKMARK [2][-]{subsection.1.1.2}{Descripci\363n del sistema actual}{section.1.1}% 4
\BOOKMARK [2][-]{subsection.1.1.3}{Objetivos y alcance del proyecto}{section.1.1}% 5
\BOOKMARK [2][-]{subsection.1.1.4}{Organizaci\363n del documento}{section.1.1}% 6
\BOOKMARK [1][-]{section.1.2}{Planificaci\363n}{chapter.1}% 7
\BOOKMARK [2][-]{subsection.1.2.1}{Metodolog\355a de desarrollo}{section.1.2}% 8
\BOOKMARK [2][-]{subsection.1.2.2}{Planificaci\363n}{section.1.2}% 9
\BOOKMARK [0][-]{chapter.2}{Desarrollo}{}% 10
\BOOKMARK [1][-]{section.2.1}{An\341lisis de requisitos}{chapter.2}% 11
\BOOKMARK [2][-]{subsection.2.1.1}{Objetivos del sistema}{section.2.1}% 12
\BOOKMARK [2][-]{subsection.2.1.2}{Cat\341logo de actores}{section.2.1}% 13
\BOOKMARK [2][-]{subsection.2.1.3}{Requisitos funcionales}{section.2.1}% 14
\BOOKMARK [2][-]{subsection.2.1.4}{Modelos est\341ticos del sistema}{section.2.1}% 15
\BOOKMARK [2][-]{subsection.2.1.5}{Requisitos de informaci\363n}{section.2.1}% 16
\BOOKMARK [2][-]{subsection.2.1.6}{Requisitos no funcionales}{section.2.1}% 17
\BOOKMARK [2][-]{subsection.2.1.7}{Reglas de negocio}{section.2.1}% 18
\BOOKMARK [2][-]{subsection.2.1.8}{Estudio de alternativas tecnol\363gicas}{section.2.1}% 19
\BOOKMARK [1][-]{section.2.2}{Implementaci\363n del sistema}{chapter.2}% 20
\BOOKMARK [2][-]{subsection.2.2.1}{Entorno tecnol\363gico}{section.2.2}% 21
\BOOKMARK [2][-]{subsection.2.2.2}{C\363digo fuente}{section.2.2}% 22
\BOOKMARK [2][-]{subsection.2.2.3}{Calidad del c\363digo}{section.2.2}% 23
\BOOKMARK [1][-]{section.2.3}{Pruebas del sistema}{chapter.2}% 24
\BOOKMARK [2][-]{subsection.2.3.1}{Pruebas unitarias}{section.2.3}% 25
\BOOKMARK [2][-]{subsection.2.3.2}{Pruebas de integraci\363n}{section.2.3}% 26
\BOOKMARK [2][-]{subsection.2.3.3}{Pruebas de sistema}{section.2.3}% 27
\BOOKMARK [2][-]{subsection.2.3.4}{Pruebas de aceptaci\363n}{section.2.3}% 28
\BOOKMARK [0][-]{chapter.3}{Ep\355logo}{}% 29
\BOOKMARK [1][-]{section.3.1}{Manual de instalaci\363n y explotaci\363n}{chapter.3}% 30
\BOOKMARK [2][-]{subsection.3.1.1}{Introducci\363n}{section.3.1}% 31
\BOOKMARK [2][-]{subsection.3.1.2}{Requisitos previos}{section.3.1}% 32
\BOOKMARK [2][-]{subsection.3.1.3}{Inventario de componentes}{section.3.1}% 33
\BOOKMARK [1][-]{section.3.2}{Conclusiones}{chapter.3}% 34
\BOOKMARK [2][-]{subsection.3.2.1}{Objetivos}{section.3.2}% 35
\BOOKMARK [2][-]{subsection.3.2.2}{Lecciones aprendidas}{section.3.2}% 36
\BOOKMARK [2][-]{subsection.3.2.3}{Trabajo futuro}{section.3.2}% 37
\BOOKMARK [1][-]{section.3.3}{Licencias}{chapter.3}% 38
